Start time: 12:41:58 on Dec 17,2025
qverilog class_test.sv 
-- Compiling package class_test_sv_unit
-- Compiling module top

Top level modules:
	top
# vsim -lib work work.class_test_sv_unit work.top -c -do "run -all; quit -f" -appendlog -l qverilog.log -vopt 
# ** Note: (vsim-3813) Design is being optimized due to module recompilation...
# //  Questa Sim-64
# //  Version 10.7c win64 Aug 18 2018
# //
# //  Copyright 1991-2018 Mentor Graphics Corporation
# //  All Rights Reserved.
# //
# //  QuestaSim and its associated documentation contain trade
# //  secrets and commercial or financial information that are the property of
# //  Mentor Graphics Corporation and are privileged, confidential,
# //  and exempt from disclosure under the Freedom of Information Act,
# //  5 U.S.C. Section 552. Furthermore, this information
# //  is prohibited from disclosure under the Trade Secrets Act,
# //  18 U.S.C. Section 1905.
# //
# Loading sv_std.std
# Loading work.class_test_sv_unit(fast)
# Loading work.top(fast)
# run -all
# Name : Duble of pervious one
# a = '{6, 2, 8, 10, 18, 28}
# Name : Duble of pervious one
# a = '{8, 9, 17, 26, 43, 69}
# Name : Duble of pervious one
# a = '{7, 5, 12, 17, 29, 46}
# Name : Duble of pervious one
# a = '{8, 4, 12, 16, 28, 44}
# Name : Duble of pervious one
# a = '{9, 1, 10, 11, 21, 32}
# Name : Duble of pervious one
# a = '{6, 2, 8, 10, 18, 28}
# Name : Duble of pervious one
# a = '{8, 10, 18, 28, 46, 74}
# Name : Duble of pervious one
# a = '{7, 9, 16, 25, 41, 66}
#  quit -f
# End time: 12:42:02 on Dec 17,2025, Elapsed time: 0:00:04
# Errors: 0, Warnings: 0
