Start time: 16:31:37 on Nov 18,2025
qverilog enume.sv 
-- Compiling module enume

Top level modules:
	enume
# vsim -lib work work.enume -c -do "run -all; quit -f" -appendlog -l qverilog.log -vopt 
# ** Note: (vsim-3813) Design is being optimized due to module recompilation...
# //  Questa Sim-64
# //  Version 10.7c win64 Aug 18 2018
# //
# //  Copyright 1991-2018 Mentor Graphics Corporation
# //  All Rights Reserved.
# //
# //  QuestaSim and its associated documentation contain trade
# //  secrets and commercial or financial information that are the property of
# //  Mentor Graphics Corporation and are privileged, confidential,
# //  and exempt from disclosure under the Freedom of Information Act,
# //  5 U.S.C. Section 552. Furthermore, this information
# //  is prohibited from disclosure under the Trade Secrets Act,
# //  18 U.S.C. Section 1905.
# //
# Loading sv_std.std
# Loading work.enume(fast)
# run -all
# ** Info: ===========================ENUMERATION [enum] USING TYPEDEF=====================
#    Time: 0 ns  Scope: enume.Block_3 File: enume.sv Line: 50
# ====Dispaly Pointer= colors0
# NUMBER OF ELEMENTS NEXT = 2 colors2
# NUMBER OF ELEMENTS NEXT = 3 colors3
# NUMBER OF ELEMENTS PREVIOUS = 2 colors2
# ====Dispaly Pointer= colors0
# NUMBER OF ELEMENTS NEXT = 2 colors2
# NUMBER OF ELEMENTS NEXT = 3 colors3
# NUMBER OF ELEMENTS PREVIOUS = 2 colors2
#  quit -f
# End time: 16:31:40 on Nov 18,2025, Elapsed time: 0:00:03
# Errors: 0, Warnings: 0
