Start time: 17:38:26 on Dec 11,2025
qverilog class_test.sv 
-- Compiling package class_test_sv_unit
-- Compiling module top

Top level modules:
	top
# vsim -lib work work.class_test_sv_unit work.top -c -do "run -all; quit -f" -appendlog -l qverilog.log -vopt 
# ** Note: (vsim-8009) Loading existing optimized design _opt
# //  Questa Sim-64
# //  Version 10.7c win64 Aug 18 2018
# //
# //  Copyright 1991-2018 Mentor Graphics Corporation
# //  All Rights Reserved.
# //
# //  QuestaSim and its associated documentation contain trade
# //  secrets and commercial or financial information that are the property of
# //  Mentor Graphics Corporation and are privileged, confidential,
# //  and exempt from disclosure under the Freedom of Information Act,
# //  5 U.S.C. Section 552. Furthermore, this information
# //  is prohibited from disclosure under the Trade Secrets Act,
# //  18 U.S.C. Section 1905.
# //
# Loading sv_std.std
# Loading work.class_test_sv_unit(fast)
# Loading work.top(fast)
# run -all
# Name=Randc Function Using Rand
# A=1
# Name=Randc Function Using Rand
# A=5
# Name=Randc Function Using Rand
# A=4
# Name=Randc Function Using Rand
# A=3
# Name=Randc Function Using Rand
# A=1
# Name=Randc Function Using Rand
# A=5
# Name=Randc Function Using Rand
# A=2
# Name=Randc Function Using Rand
# A=1
#  quit -f
# End time: 17:38:28 on Dec 11,2025, Elapsed time: 0:00:02
# Errors: 0, Warnings: 0
