Start time: 14:57:58 on Nov 25,2025
qverilog d_array.sv 
-- Compiling module d_array

Top level modules:
	d_array
# vsim -lib work work.d_array -c -do "run -all; quit -f" -appendlog -l qverilog.log -vopt 
# ** Note: (vsim-3812) Design is being optimized...
# //  Questa Sim-64
# //  Version 10.7c win64 Aug 18 2018
# //
# //  Copyright 1991-2018 Mentor Graphics Corporation
# //  All Rights Reserved.
# //
# //  QuestaSim and its associated documentation contain trade
# //  secrets and commercial or financial information that are the property of
# //  Mentor Graphics Corporation and are privileged, confidential,
# //  and exempt from disclosure under the Freedom of Information Act,
# //  5 U.S.C. Section 552. Furthermore, this information
# //  is prohibited from disclosure under the Trade Secrets Act,
# //  18 U.S.C. Section 1905.
# //
# Loading sv_std.std
# Loading work.d_array(fast)
# run -all
# Dnamic Array Contents='{0, 0, 0, 0, 0, 0, 0, 0, 0, 0}
# Odd Index Even No of D_array[0]=1
# Even INdex Odd No Of D_array[1]=2
# Odd Index Even No of D_array[2]=3
# Even INdex Odd No Of D_array[3]=4
# Odd Index Even No of D_array[4]=5
# Even INdex Odd No Of D_array[5]=6
# Odd Index Even No of D_array[6]=7
# Even INdex Odd No Of D_array[7]=8
# Odd Index Even No of D_array[8]=9
# Even INdex Odd No Of D_array[9]=10
# The Dynamic Array of Contents='{1, 2, 3, 4, 5, 6, 7, 8, 9, 10}
#  quit -f
# End time: 14:58:02 on Nov 25,2025, Elapsed time: 0:00:04
# Errors: 0, Warnings: 0
