Start time: 21:20:55 on Nov 24,2025
qverilog static_array.sv 
-- Compiling module static_array

Top level modules:
	static_array
# vsim -lib work work.static_array -c -do "run -all; quit -f" -appendlog -l qverilog.log -vopt 
# ** Note: (vsim-3812) Design is being optimized...
# //  Questa Sim-64
# //  Version 10.7c win64 Aug 18 2018
# //
# //  Copyright 1991-2018 Mentor Graphics Corporation
# //  All Rights Reserved.
# //
# //  QuestaSim and its associated documentation contain trade
# //  secrets and commercial or financial information that are the property of
# //  Mentor Graphics Corporation and are privileged, confidential,
# //  and exempt from disclosure under the Freedom of Information Act,
# //  5 U.S.C. Section 552. Furthermore, this information
# //  is prohibited from disclosure under the Trade Secrets Act,
# //  18 U.S.C. Section 1905.
# //
# Loading sv_std.std
# Loading work.static_array(fast)
# run -all
# ==========Filling ODD NUMBERS USING FOR LOOP============
# Filling With ODD Numbers='{1, 3, 5, 7, 9, 11, 13, 15, 17, 19}
# ==========Filling ODD NUMBERS USING FOREACH LOOP============
# Filling With ODD Numbers='{1, 3, 5, 7, 9, 11, 13, 15, 17, 19}
# ==========Filling ODD NUMBERS USING WHILE LOOP============
# Filling With ODD Numbers='{1, 3, 5, 7, 9, 11, 13, 15, 17, 19}
# ==========Filling ODD NUMBERS USING DO WHILE LOOP============
# Filling With ODD Numbers='{1, 3, 5, 7, 9, 11, 13, 15, 17, 19}
#  quit -f
# End time: 21:20:57 on Nov 24,2025, Elapsed time: 0:00:02
# Errors: 0, Warnings: 0
