Start time: 15:26:47 on Jan 29,2026
qverilog test.sv 
** Warning: test.sv(55): (qverilog-2244) Variable 's' is implicitly static. You must either explicitly declare it as static or automatic
or remove the initialization in the declaration of variable.
-- Compiling package test_sv_unit
-- Compiling module test
** Warning: test.sv(55): (qverilog-2244) Variable 's' is implicitly static. You must either explicitly declare it as static or automatic
or remove the initialization in the declaration of variable.

Top level modules:
	test
# vsim -lib work work.test_sv_unit work.test -c -do "run -all; quit -f" -appendlog -l qverilog.log -vopt 
# ** Note: (vsim-3813) Design is being optimized due to module recompilation...
# ** Warning: test.sv(55): (vopt-2244) Variable 's' is implicitly static. You must either explicitly declare it as static or automatic
# or remove the initialization in the declaration of variable.
# //  Questa Sim-64
# //  Version 10.7c win64 Aug 18 2018
# //
# //  Copyright 1991-2018 Mentor Graphics Corporation
# //  All Rights Reserved.
# //
# //  QuestaSim and its associated documentation contain trade
# //  secrets and commercial or financial information that are the property of
# //  Mentor Graphics Corporation and are privileged, confidential,
# //  and exempt from disclosure under the Freedom of Information Act,
# //  5 U.S.C. Section 552. Furthermore, this information
# //  is prohibited from disclosure under the Trade Secrets Act,
# //  18 U.S.C. Section 1905.
# //
# Loading sv_std.std
# Loading work.test_sv_unit(fast)
# Loading work.test(fast)
# run -all
# '{0, 0, 0, 0, 0, 1, 0, 0, 2, 0, 0, 3, 0, 0, 4, 0, 0, 5, 0, 0}
#  quit -f
# End time: 15:26:49 on Jan 29,2026, Elapsed time: 0:00:02
# Errors: 0, Warnings: 3
