Start time: 16:35:44 on Nov 25,2025
qverilog array_sort.sv 
-- Compiling module array_sort
** Warning: array_sort.sv(7): (qverilog-2244) Variable 'i' is implicitly static. You must either explicitly declare it as static or automatic
or remove the initialization in the declaration of variable.

Top level modules:
	array_sort
# vsim -lib work work.array_sort -c -do "run -all; quit -f" -appendlog -l qverilog.log -vopt 
# ** Note: (vsim-3812) Design is being optimized...
# ** Warning: array_sort.sv(7): (vopt-2244) Variable 'i' is implicitly static. You must either explicitly declare it as static or automatic
# or remove the initialization in the declaration of variable.
# //  Questa Sim-64
# //  Version 10.7c win64 Aug 18 2018
# //
# //  Copyright 1991-2018 Mentor Graphics Corporation
# //  All Rights Reserved.
# //
# //  QuestaSim and its associated documentation contain trade
# //  secrets and commercial or financial information that are the property of
# //  Mentor Graphics Corporation and are privileged, confidential,
# //  and exempt from disclosure under the Freedom of Information Act,
# //  5 U.S.C. Section 552. Furthermore, this information
# //  is prohibited from disclosure under the Trade Secrets Act,
# //  18 U.S.C. Section 1905.
# //
# Loading sv_std.std
# Loading work.array_sort(fast)
# run -all
# Sorted Array = '{1, 3, 5, 7, 12, 20}
#  quit -f
# End time: 16:35:45 on Nov 25,2025, Elapsed time: 0:00:01
# Errors: 0, Warnings: 2
