Start time: 12:59:28 on Dec 17,2025
qverilog class_test.sv 
-- Compiling package class_test_sv_unit
-- Compiling module top

Top level modules:
	top
# vsim -lib work work.class_test_sv_unit work.top -c -do "run -all; quit -f" -appendlog -l qverilog.log -vopt 
# ** Note: (vsim-3813) Design is being optimized due to module recompilation...
# //  Questa Sim-64
# //  Version 10.7c win64 Aug 18 2018
# //
# //  Copyright 1991-2018 Mentor Graphics Corporation
# //  All Rights Reserved.
# //
# //  QuestaSim and its associated documentation contain trade
# //  secrets and commercial or financial information that are the property of
# //  Mentor Graphics Corporation and are privileged, confidential,
# //  and exempt from disclosure under the Freedom of Information Act,
# //  5 U.S.C. Section 552. Furthermore, this information
# //  is prohibited from disclosure under the Trade Secrets Act,
# //  18 U.S.C. Section 1905.
# //
# Loading sv_std.std
# Loading work.class_test_sv_unit(fast)
# Loading work.top(fast)
# run -all
# Name : Adjecent Values is Not equal
# a='{17, 99, 10, 54, 191}
# Name : Adjecent Values is Not equal
# a='{27, 221, 5, 195, 48}
# Name : Adjecent Values is Not equal
# a='{15, 38, 110, 160, 82}
# Name : Adjecent Values is Not equal
# a='{6, 117, 99, 150, 35}
# Name : Adjecent Values is Not equal
# a='{0, 178, 24, 182, 242}
# Name : Adjecent Values is Not equal
# a='{17, 204, 178, 253, 53}
# Name : Adjecent Values is Not equal
# a='{31, 139, 151, 24, 70}
# Name : Adjecent Values is Not equal
# a='{34, 15, 134, 96, 203}
#  quit -f
# End time: 12:59:33 on Dec 17,2025, Elapsed time: 0:00:05
# Errors: 0, Warnings: 0
