Start time: 16:00:53 on Dec 15,2025
qverilog mai_lbox.sv 
-- Compiling module mail_box

Top level modules:
	mail_box
# vsim -lib work work.mail_box -c -do "run -all; quit -f" -appendlog -l qverilog.log -vopt 
# ** Note: (vsim-8009) Loading existing optimized design _opt
# //  Questa Sim-64
# //  Version 10.7c win64 Aug 18 2018
# //
# //  Copyright 1991-2018 Mentor Graphics Corporation
# //  All Rights Reserved.
# //
# //  QuestaSim and its associated documentation contain trade
# //  secrets and commercial or financial information that are the property of
# //  Mentor Graphics Corporation and are privileged, confidential,
# //  and exempt from disclosure under the Freedom of Information Act,
# //  5 U.S.C. Section 552. Furthermore, this information
# //  is prohibited from disclosure under the Trade Secrets Act,
# //  18 U.S.C. Section 1905.
# //
# Loading sv_std.std
# Loading work.mail_box(fast)
# run -all
# a=17 b=30
# a=18 b=23
# a=15 b=29
# a=13 b=30
# a=16 b=23
# No Of Elemments in : 10
# c=17 d=30
# c=18 d=23
# c=15 d=29
# c=13 d=30
# c=16 d=23
# No Of Elemments in : 0
#  quit -f
# End time: 16:00:54 on Dec 15,2025, Elapsed time: 0:00:01
# Errors: 0, Warnings: 0
