Start time: 17:10:10 on Nov 25,2025
qverilog union_ex.sv 
-- Compiling module union_ex

Top level modules:
	union_ex
# vsim -lib work work.union_ex -c -do "run -all; quit -f" -appendlog -l qverilog.log -vopt 
# ** Note: (vsim-3812) Design is being optimized...
# //  Questa Sim-64
# //  Version 10.7c win64 Aug 18 2018
# //
# //  Copyright 1991-2018 Mentor Graphics Corporation
# //  All Rights Reserved.
# //
# //  QuestaSim and its associated documentation contain trade
# //  secrets and commercial or financial information that are the property of
# //  Mentor Graphics Corporation and are privileged, confidential,
# //  and exempt from disclosure under the Freedom of Information Act,
# //  5 U.S.C. Section 552. Furthermore, this information
# //  is prohibited from disclosure under the Trade Secrets Act,
# //  18 U.S.C. Section 1905.
# //
# Loading sv_std.std
# Loading work.union_ex(fast)
# run -all
# Details='{id:1966090, salary:1966090, exp:10}
#  quit -f
# End time: 17:10:12 on Nov 25,2025, Elapsed time: 0:00:02
# Errors: 0, Warnings: 0
