Start time: 15:29:49 on Dec 06,2025
qverilog class_test.sv 
-- Compiling package class_test_sv_unit
-- Compiling module test

Top level modules:
	test
# vsim -lib work work.class_test_sv_unit work.test -c -do "run -all; quit -f" -appendlog -l qverilog.log -vopt 
# ** Note: (vsim-3812) Design is being optimized...
# //  Questa Sim-64
# //  Version 10.7c win64 Aug 18 2018
# //
# //  Copyright 1991-2018 Mentor Graphics Corporation
# //  All Rights Reserved.
# //
# //  QuestaSim and its associated documentation contain trade
# //  secrets and commercial or financial information that are the property of
# //  Mentor Graphics Corporation and are privileged, confidential,
# //  and exempt from disclosure under the Freedom of Information Act,
# //  5 U.S.C. Section 552. Furthermore, this information
# //  is prohibited from disclosure under the Trade Secrets Act,
# //  18 U.S.C. Section 1905.
# //
# Loading sv_std.std
# Loading work.class_test_sv_unit(fast)
# Loading work.test(fast)
# run -all
# Name = PACK1 NESTED OF BACK1
# a=10
# b=20
# c=30
# d=40
#  quit -f
# End time: 15:29:51 on Dec 06,2025, Elapsed time: 0:00:02
# Errors: 0, Warnings: 0
