Start time: 15:28:45 on Dec 23,2025
qverilog task_test.sv 
-- Compiling module test

Top level modules:
	test
# vsim -lib work work.test -c -do "run -all; quit -f" -appendlog -l qverilog.log -vopt 
# ** Note: (vsim-3813) Design is being optimized due to module recompilation...
# //  Questa Sim-64
# //  Version 10.7c win64 Aug 18 2018
# //
# //  Copyright 1991-2018 Mentor Graphics Corporation
# //  All Rights Reserved.
# //
# //  QuestaSim and its associated documentation contain trade
# //  secrets and commercial or financial information that are the property of
# //  Mentor Graphics Corporation and are privileged, confidential,
# //  and exempt from disclosure under the Freedom of Information Act,
# //  5 U.S.C. Section 552. Furthermore, this information
# //  is prohibited from disclosure under the Trade Secrets Act,
# //  18 U.S.C. Section 1905.
# //
# Loading sv_std.std
# Loading work.test(fast)
# run -all
# 12321 is a NOT PALINDROME
# 12345 is a NOT PALINDROME
#  quit -f
# End time: 15:28:49 on Dec 23,2025, Elapsed time: 0:00:04
# Errors: 0, Warnings: 0
