Start time: 16:31:47 on Dec 05,2025
qverilog fun_test.sv 
-- Compiling module fun_test

Top level modules:
	fun_test
# vsim -lib work work.fun_test -c -do "run -all; quit -f" -appendlog -l qverilog.log -vopt 
# ** Note: (vsim-8009) Loading existing optimized design _opt2
# //  Questa Sim-64
# //  Version 10.7c win64 Aug 18 2018
# //
# //  Copyright 1991-2018 Mentor Graphics Corporation
# //  All Rights Reserved.
# //
# //  QuestaSim and its associated documentation contain trade
# //  secrets and commercial or financial information that are the property of
# //  Mentor Graphics Corporation and are privileged, confidential,
# //  and exempt from disclosure under the Freedom of Information Act,
# //  5 U.S.C. Section 552. Furthermore, this information
# //  is prohibited from disclosure under the Trade Secrets Act,
# //  18 U.S.C. Section 1905.
# //
# Loading sv_std.std
# Loading work.fun_test(fast)
# run -all
# 153 is an ARMSTRONG number
# 370 is an ARMSTRONG number
# 371 is an ARMSTRONG number
# 407 is an ARMSTRONG number
# 123 is NOT an Armstrong number
# 0 is an ARMSTRONG number
# 9474 is an ARMSTRONG number
# 1634 is an ARMSTRONG number
# 8208 is an ARMSTRONG number
# 408 is NOT an Armstrong number
#  quit -f
# End time: 16:31:48 on Dec 05,2025, Elapsed time: 0:00:01
# Errors: 0, Warnings: 0
