Start time: 17:20:18 on Dec 03,2025
qverilog fun_ex.sv 
-- Compiling module fun_ex

Top level modules:
	fun_ex
# vsim -lib work work.fun_ex -c -do "run -all; quit -f" -appendlog -l qverilog.log -vopt 
# ** Note: (vsim-3813) Design is being optimized due to module recompilation...
# ** Warning: fun_ex.sv(21): (vopt-2250) Function "sub" has no return value assignment.
# ** Warning: fun_ex.sv(27): (vopt-2250) Function "div" has no return value assignment.
# //  Questa Sim-64
# //  Version 10.7c win64 Aug 18 2018
# //
# //  Copyright 1991-2018 Mentor Graphics Corporation
# //  All Rights Reserved.
# //
# //  QuestaSim and its associated documentation contain trade
# //  secrets and commercial or financial information that are the property of
# //  Mentor Graphics Corporation and are privileged, confidential,
# //  and exempt from disclosure under the Freedom of Information Act,
# //  5 U.S.C. Section 552. Furthermore, this information
# //  is prohibited from disclosure under the Trade Secrets Act,
# //  18 U.S.C. Section 1905.
# //
# Loading sv_std.std
# Loading work.fun_ex(fast)
# run -all
# sum=12 a=8 b=4
# SUM G=12
# mul=0 a=5 b=4
# MUL G=20
# a=8 b=4 c=4
# SUB G=4
# a=8 b=4 div=2
# a=8 b=4 Power=4096
# DIV G=2 M=4096
# SAI IS A GOOD GIRL
#  quit -f
# End time: 17:20:20 on Dec 03,2025, Elapsed time: 0:00:02
# Errors: 0, Warnings: 2
