Start time: 16:19:34 on Jan 30,2026
qverilog test.sv 
-- Compiling package test_sv_unit
-- Compiling module top
** Warning: test.sv(28): (qverilog-2240) Treating stand-alone use of function 'randomize' as an implicit VOID cast.

Top level modules:
	top
# vsim -lib work work.test_sv_unit work.top -c -do "run -all; quit -f" -appendlog -l qverilog.log -vopt 
# ** Note: (vsim-3813) Design is being optimized due to module recompilation...
# ** Warning: test.sv(28): (vopt-2240) Treating stand-alone use of function 'randomize' as an implicit VOID cast.
# //  Questa Sim-64
# //  Version 10.7c win64 Aug 18 2018
# //
# //  Copyright 1991-2018 Mentor Graphics Corporation
# //  All Rights Reserved.
# //
# //  QuestaSim and its associated documentation contain trade
# //  secrets and commercial or financial information that are the property of
# //  Mentor Graphics Corporation and are privileged, confidential,
# //  and exempt from disclosure under the Freedom of Information Act,
# //  5 U.S.C. Section 552. Furthermore, this information
# //  is prohibited from disclosure under the Trade Secrets Act,
# //  18 U.S.C. Section 1905.
# //
# Loading sv_std.std
# Loading work.test_sv_unit(fast)
# Loading work.top(fast)
# run -all
# NAME: pkt
# a=38 78 15 69 25 92 24 71 24 80
# b=80 24 71 24 92 25 69 15 78 38
#  quit -f
# End time: 16:19:36 on Jan 30,2026, Elapsed time: 0:00:02
# Errors: 0, Warnings: 2
