Start time: 16:07:12 on Nov 27,2025
qverilog fork_join_ex.sv 
-- Compiling module fork_join

Top level modules:
	fork_join
# vsim -lib work work.fork_join -c -do "run -all; quit -f" -appendlog -l qverilog.log -vopt 
# ** Note: (vsim-3813) Design is being optimized due to module recompilation...
# //  Questa Sim-64
# //  Version 10.7c win64 Aug 18 2018
# //
# //  Copyright 1991-2018 Mentor Graphics Corporation
# //  All Rights Reserved.
# //
# //  QuestaSim and its associated documentation contain trade
# //  secrets and commercial or financial information that are the property of
# //  Mentor Graphics Corporation and are privileged, confidential,
# //  and exempt from disclosure under the Freedom of Information Act,
# //  5 U.S.C. Section 552. Furthermore, this information
# //  is prohibited from disclosure under the Trade Secrets Act,
# //  18 U.S.C. Section 1905.
# //
# Loading sv_std.std
# Loading work.fork_join(fast)
# run -all
# PROCESS2 STS1                   2
# PROCESS3 STS1                   3
# PROCESS4  OUT OF THE LOOP STS1                   4
# PROCESS1 STS1                   4
# PROCESS1 STS2                   6
# PROCESS2 STS2                   8
# PROCESS3 STS2                   9
# PROCESS1 STS3                   9
# PROCESS3 STS3                  14
# PROCESS2 STS3                  16
# PROCESS2 STS4                  17
#  quit -f
# End time: 16:07:14 on Nov 27,2025, Elapsed time: 0:00:02
# Errors: 0, Warnings: 0
