Start time: 17:29:50 on Dec 15,2025
qverilog class_test.sv 
-- Compiling package class_test_sv_unit
-- Compiling module top

Top level modules:
	top
# vsim -lib work work.class_test_sv_unit work.top -c -do "run -all; quit -f" -appendlog -l qverilog.log -vopt 
# ** Note: (vsim-3812) Design is being optimized...
# //  Questa Sim-64
# //  Version 10.7c win64 Aug 18 2018
# //
# //  Copyright 1991-2018 Mentor Graphics Corporation
# //  All Rights Reserved.
# //
# //  QuestaSim and its associated documentation contain trade
# //  secrets and commercial or financial information that are the property of
# //  Mentor Graphics Corporation and are privileged, confidential,
# //  and exempt from disclosure under the Freedom of Information Act,
# //  5 U.S.C. Section 552. Furthermore, this information
# //  is prohibited from disclosure under the Trade Secrets Act,
# //  18 U.S.C. Section 1905.
# //
# Loading sv_std.std
# Loading work.class_test_sv_unit(fast)
# Loading work.top(fast)
# run -all
# Name : All Storing Same Value
# a='{5, 5, 5, 5, 5}
# Name : All Storing Same Value
# a='{5, 5, 5, 5, 5}
# Name : All Storing Same Value
# a='{5, 5, 5, 5, 5}
# Name : All Storing Same Value
# a='{5, 5, 5, 5, 5}
# Name : All Storing Same Value
# a='{5, 5, 5, 5, 5}
# Name : All Storing Same Value
# a='{5, 5, 5, 5, 5}
# Name : All Storing Same Value
# a='{5, 5, 5, 5, 5}
# Name : All Storing Same Value
# a='{5, 5, 5, 5, 5}
#  quit -f
# End time: 17:29:52 on Dec 15,2025, Elapsed time: 0:00:02
# Errors: 0, Warnings: 0
