Start time: 13:34:39 on Dec 04,2025
qverilog fun_ex.sv 
-- Compiling module fun_ex

Top level modules:
	fun_ex
# vsim -lib work work.fun_ex -c -do "run -all; quit -f" -appendlog -l qverilog.log -vopt 
# ** Note: (vsim-3813) Design is being optimized due to module recompilation...
# ** Warning: fun_ex.sv(13): (vopt-2250) Function "name" has no return value assignment.
# ** Warning: fun_ex.sv(43): (vopt-2250) Function "by_deaf" has no return value assignment.
# ** Warning: fun_ex.sv(65): (vopt-2250) Function "by_deaf3" has no return value assignment.
# //  Questa Sim-64
# //  Version 10.7c win64 Aug 18 2018
# //
# //  Copyright 1991-2018 Mentor Graphics Corporation
# //  All Rights Reserved.
# //
# //  QuestaSim and its associated documentation contain trade
# //  secrets and commercial or financial information that are the property of
# //  Mentor Graphics Corporation and are privileged, confidential,
# //  and exempt from disclosure under the Freedom of Information Act,
# //  5 U.S.C. Section 552. Furthermore, this information
# //  is prohibited from disclosure under the Trade Secrets Act,
# //  18 U.S.C. Section 1905.
# //
# Loading sv_std.std
# Loading work.fun_ex(fast)
# run -all
# ADD=9
# y=5 a=10 b=5
# SUB=5
# ==================By Value========================
# ADD BY Value=14 x=4 y=8
# ==================By Reference========================
# DIV BY Ref=5 x=30 y=6
# MUL BY ConstRef=20 x=4 y=5
# Power=8 a=2 b=3
# Power=8
# ==================B]By Default========================
# BY_DEAF1=15
# ==================C]By Default========================
# By_Deaf2=12 a=8 b=4
# BY_DEAF2=12
# ==================D]By Default========================
# By_Deaf3=15 a=5 b=10
# BY_DEAF3=15
#  quit -f
# End time: 13:34:40 on Dec 04,2025, Elapsed time: 0:00:01
# Errors: 0, Warnings: 3
