Start time: 17:32:17 on Nov 26,2025
qverilog sel_ex.sv 
-- Compiling module sel_ex

Top level modules:
	sel_ex
# vsim -lib work work.sel_ex -c -do "run -all; quit -f" -appendlog -l qverilog.log -vopt 
# ** Note: (vsim-8009) Loading existing optimized design _opt
# //  Questa Sim-64
# //  Version 10.7c win64 Aug 18 2018
# //
# //  Copyright 1991-2018 Mentor Graphics Corporation
# //  All Rights Reserved.
# //
# //  QuestaSim and its associated documentation contain trade
# //  secrets and commercial or financial information that are the property of
# //  Mentor Graphics Corporation and are privileged, confidential,
# //  and exempt from disclosure under the Freedom of Information Act,
# //  5 U.S.C. Section 552. Furthermore, this information
# //  is prohibited from disclosure under the Trade Secrets Act,
# //  18 U.S.C. Section 1905.
# //
# Loading sv_std.std
# Loading work.sel_ex(fast)
# run -all
# NONE         25
# ** Warning: (vsim-8360) The if/case statement is not unique.
#    Time: 0 ns  Iteration: 0  Process: /sel_ex/#INITIAL#5 File: sel_ex.sv Line: 19
# A is Grater=25
# ** Warning: (vsim-8360) The if/case statement is not unique.
#    Time: 0 ns  Iteration: 0  Process: /sel_ex/#INITIAL#5 File: sel_ex.sv Line: 27
# A is Grater=25
# Condition True
#  quit -f
# End time: 17:32:19 on Nov 26,2025, Elapsed time: 0:00:02
# Errors: 0, Warnings: 2
