Start time: 17:21:20 on Nov 26,2025
qverilog jump_ex.sv 
-- Compiling module jump_ex

Top level modules:
	jump_ex
# vsim -lib work work.jump_ex -c -do "run -all; quit -f" -appendlog -l qverilog.log -vopt 
# ** Note: (vsim-3812) Design is being optimized...
# //  Questa Sim-64
# //  Version 10.7c win64 Aug 18 2018
# //
# //  Copyright 1991-2018 Mentor Graphics Corporation
# //  All Rights Reserved.
# //
# //  QuestaSim and its associated documentation contain trade
# //  secrets and commercial or financial information that are the property of
# //  Mentor Graphics Corporation and are privileged, confidential,
# //  and exempt from disclosure under the Freedom of Information Act,
# //  5 U.S.C. Section 552. Furthermore, this information
# //  is prohibited from disclosure under the Trade Secrets Act,
# //  18 U.S.C. Section 1905.
# //
# Loading sv_std.std
# Loading work.jump_ex(fast)
# run -all
# A[0]=0
# A[1]=3
# A[2]=6
# A[3]=9
# A[4]=12
# A[6]=18
# A[7]=21
# A[8]=24
# A[9]=27
# A[10]=30
# A[11]=33
# A[12]=36
# A[13]=39
# A[14]=42
# A of Contents='{0, 3, 6, 9, 12, 0, 18, 21, 24, 27, 30, 33, 36, 39, 42}
#  quit -f
# End time: 17:21:21 on Nov 26,2025, Elapsed time: 0:00:01
# Errors: 0, Warnings: 0
