Start time: 14:31:55 on Nov 25,2025
qverilog d_array.sv 
-- Compiling module d_array

Top level modules:
	d_array
# vsim -lib work work.d_array -c -do "run -all; quit -f" -appendlog -l qverilog.log -vopt 
# ** Note: (vsim-3813) Design is being optimized due to module recompilation...
# //  Questa Sim-64
# //  Version 10.7c win64 Aug 18 2018
# //
# //  Copyright 1991-2018 Mentor Graphics Corporation
# //  All Rights Reserved.
# //
# //  QuestaSim and its associated documentation contain trade
# //  secrets and commercial or financial information that are the property of
# //  Mentor Graphics Corporation and are privileged, confidential,
# //  and exempt from disclosure under the Freedom of Information Act,
# //  5 U.S.C. Section 552. Furthermore, this information
# //  is prohibited from disclosure under the Trade Secrets Act,
# //  18 U.S.C. Section 1905.
# //
# Loading sv_std.std
# Loading work.d_array(fast)
# run -all
# The Dynamic Array ='{0, 0, 0, 0, 0, 0, 0, 0, 0, 0}
# The D Array of [0]='{0, 0, 0, 0, 0, 0, 0, 0, 0, 0}
# The D Array of [2]='{0, 2, 0, 0, 0, 0, 0, 0, 0, 0}
# The D Array of [0]='{0, 2, 0, 0, 0, 0, 0, 0, 0, 0}
# The D Array of [3]='{0, 2, 0, 3, 0, 0, 0, 0, 0, 0}
# The D Array of [0]='{0, 2, 0, 3, 0, 0, 0, 0, 0, 0}
# The D Array of [4]='{0, 2, 0, 3, 0, 4, 0, 0, 0, 0}
# The D Array of [0]='{0, 2, 0, 3, 0, 4, 0, 0, 0, 0}
# The D Array of [5]='{0, 2, 0, 3, 0, 4, 0, 5, 0, 0}
# The D Array of [0]='{0, 2, 0, 3, 0, 4, 0, 5, 0, 0}
# The D Array of [6]='{0, 2, 0, 3, 0, 4, 0, 5, 0, 6}
# The D array content='{0, 2, 0, 3, 0, 4, 0, 5, 0, 6}
#  quit -f
# End time: 14:31:58 on Nov 25,2025, Elapsed time: 0:00:03
# Errors: 0, Warnings: 0
