Start time: 20:28:22 on Nov 24,2025
qverilog array_manup.sv 
-- Compiling module array_manup

Top level modules:
	array_manup
# vsim -lib work work.array_manup -c -do "run -all; quit -f" -appendlog -l qverilog.log -vopt 
# ** Note: (vsim-3813) Design is being optimized due to module recompilation...
# //  Questa Sim-64
# //  Version 10.7c win64 Aug 18 2018
# //
# //  Copyright 1991-2018 Mentor Graphics Corporation
# //  All Rights Reserved.
# //
# //  QuestaSim and its associated documentation contain trade
# //  secrets and commercial or financial information that are the property of
# //  Mentor Graphics Corporation and are privileged, confidential,
# //  and exempt from disclosure under the Freedom of Information Act,
# //  5 U.S.C. Section 552. Furthermore, this information
# //  is prohibited from disclosure under the Trade Secrets Act,
# //  18 U.S.C. Section 1905.
# //
# Loading sv_std.std
# Loading work.array_manup(fast)
# run -all
# =========================Array Ordering Locator Method==================================
# Dynamic Contents ='{12, 18, 15, 24, 56, 22, 35, 82, 78, 24}
# Sorting='{12, 15, 18, 22, 24, 24, 35, 56, 78, 82}
#  Reverse Sorting='{82, 78, 56, 35, 24, 24, 22, 18, 15, 12}
# Reverse Dynamic Contents='{12, 15, 18, 22, 24, 24, 35, 56, 78, 82}
# Shaffuleing Dynamic Contents='{15, 82, 24, 24, 56, 12, 22, 18, 78, 35}
# =========================Array Reduction Method==================================
# Dynamic Contents ='{1, 2, 3, 4, 5}
# OR IN D_Array=7
# AND IN D_Array=0
# XOR IN D_Array=1
# SUM IN D_Array=15
# PRODUCT IN D_Array=120
#  quit -f
# End time: 20:28:24 on Nov 24,2025, Elapsed time: 0:00:02
# Errors: 0, Warnings: 0
