Start time: 17:05:36 on Dec 11,2025
qverilog class_cons_test.sv 
-- Compiling package class_cons_test_sv_unit
-- Compiling module top

Top level modules:
	top
# vsim -lib work work.class_cons_test_sv_unit work.top -c -do "run -all; quit -f" -appendlog -l qverilog.log -vopt 
# ** Note: (vsim-3813) Design is being optimized due to module recompilation...
# //  Questa Sim-64
# //  Version 10.7c win64 Aug 18 2018
# //
# //  Copyright 1991-2018 Mentor Graphics Corporation
# //  All Rights Reserved.
# //
# //  QuestaSim and its associated documentation contain trade
# //  secrets and commercial or financial information that are the property of
# //  Mentor Graphics Corporation and are privileged, confidential,
# //  and exempt from disclosure under the Freedom of Information Act,
# //  5 U.S.C. Section 552. Furthermore, this information
# //  is prohibited from disclosure under the Trade Secrets Act,
# //  18 U.S.C. Section 1905.
# //
# Loading sv_std.std
# Loading work.class_cons_test_sv_unit(fast)
# Loading work.top(fast)
# run -all
# Name=Ram 1st
# Enum Range=mid
# Data_in=78
# Addr=27
# W_rn=1
# rd_en=0
# Enable=1
# M Array='{67, 70, 79, 64, 65, 78, 75, 70, 67, 88}
# W_rn=1
# rd_en=0
# Name=Ram 1st
# Enum Range=mid
# Data_in=90
# Addr=56
# W_rn=1
# rd_en=0
# Enable=0
# M Array='{91, 94, 99, 70, 59, 56, 69, 100, 77, 66}
# W_rn=1
# rd_en=0
# Name=Ram 1st
# Enum Range=low
# Data_in=46
# Addr=59
# W_rn=1
# rd_en=0
# Enable=1
# M Array='{91, 74, 69, 84, 51, 64, 63, 92, 53, 76}
# W_rn=1
# rd_en=0
# Name=Ram 1st
# Enum Range=mid
# Data_in=92
# Addr=14
# W_rn=0
# rd_en=1
# Enable=0
# M Array='{81, 88, 93, 86, 71, 50, 99, 64, 59, 62}
# W_rn=0
# rd_en=1
# Name=Ram 1st
# Enum Range=low
# Data_in=47
# Addr=26
# W_rn=1
# rd_en=0
# Enable=0
# M Array='{91, 88, 73, 54, 83, 56, 53, 64, 99, 84}
# W_rn=1
# rd_en=0
# Name=Ram 1st
# Enum Range=low
# Data_in=50
# Addr=35
# W_rn=1
# rd_en=0
# Enable=1
# M Array='{85, 86, 83, 68, 95, 66, 53, 68, 63, 74}
# W_rn=1
# rd_en=0
# Name=Ram 1st
# Enum Range=low
# Data_in=44
# Addr=37
# W_rn=0
# rd_en=1
# Enable=1
# M Array='{61, 68, 83, 74, 55, 54, 95, 74, 63, 92}
# W_rn=0
# rd_en=1
# Name=Ram 1st
# Enum Range=high
# Data_in=111
# Addr=7
# W_rn=1
# rd_en=0
# Enable=1
# M Array='{73, 98, 99, 78, 59, 52, 71, 86, 61, 94}
# W_rn=1
# rd_en=0
#  quit -f
# End time: 17:05:37 on Dec 11,2025, Elapsed time: 0:00:01
# Errors: 0, Warnings: 0
