Start time: 14:59:58 on Nov 24,2025
qverilog strings_ex.sv 
-- Compiling module strings_ex

Top level modules:
	strings_ex
# vsim -lib work work.strings_ex -c -do "run -all; quit -f" -appendlog -l qverilog.log -vopt 
# ** Note: (vsim-3813) Design is being optimized due to module recompilation...
# //  Questa Sim-64
# //  Version 10.7c win64 Aug 18 2018
# //
# //  Copyright 1991-2018 Mentor Graphics Corporation
# //  All Rights Reserved.
# //
# //  QuestaSim and its associated documentation contain trade
# //  secrets and commercial or financial information that are the property of
# //  Mentor Graphics Corporation and are privileged, confidential,
# //  and exempt from disclosure under the Freedom of Information Act,
# //  5 U.S.C. Section 552. Furthermore, this information
# //  is prohibited from disclosure under the Trade Secrets Act,
# //  18 U.S.C. Section 1905.
# //
# Loading sv_std.std
# Loading work.strings_ex(fast)
# run -all
# Converting Integer To String = 234
# Converting Hexdecimal To String = abc8
# Converting Octal To String = 2342
# Converting Real To String = 15
# Converting Binary To String = 101101011
#  quit -f
# End time: 15:00:05 on Nov 24,2025, Elapsed time: 0:00:07
# Errors: 0, Warnings: 0
