Start time: 19:37:15 on Dec 06,2025
qverilog class_test.sv 
-- Compiling package class_test_sv_unit
-- Compiling module test

Top level modules:
	test
# vsim -lib work work.class_test_sv_unit work.test -c -do "run -all; quit -f" -appendlog -l qverilog.log -vopt 
# ** Note: (vsim-3813) Design is being optimized due to module recompilation...
# //  Questa Sim-64
# //  Version 10.7c win64 Aug 18 2018
# //
# //  Copyright 1991-2018 Mentor Graphics Corporation
# //  All Rights Reserved.
# //
# //  QuestaSim and its associated documentation contain trade
# //  secrets and commercial or financial information that are the property of
# //  Mentor Graphics Corporation and are privileged, confidential,
# //  and exempt from disclosure under the Freedom of Information Act,
# //  5 U.S.C. Section 552. Furthermore, this information
# //  is prohibited from disclosure under the Trade Secrets Act,
# //  18 U.S.C. Section 1905.
# //
# Loading sv_std.std
# Loading work.class_test_sv_unit(fast)
# Loading work.test(fast)
# run -all
# Name=packet 1 1st
# a=10
# b=20
# name=backet 1
# a=35
# b=45
# c=30
# d=40
# Name=packet 1 2nd
# a=35
# b=45
#  quit -f
# End time: 19:37:16 on Dec 06,2025, Elapsed time: 0:00:01
# Errors: 0, Warnings: 0
