Start time: 17:43:02 on Nov 26,2025
qverilog class_ex.sv 
-- Compiling module class_ex

Top level modules:
	class_ex
# vsim -lib work work.class_ex -c -do "run -all; quit -f" -appendlog -l qverilog.log -vopt 
# ** Note: (vsim-3813) Design is being optimized due to module recompilation...
# //  Questa Sim-64
# //  Version 10.7c win64 Aug 18 2018
# //
# //  Copyright 1991-2018 Mentor Graphics Corporation
# //  All Rights Reserved.
# //
# //  QuestaSim and its associated documentation contain trade
# //  secrets and commercial or financial information that are the property of
# //  Mentor Graphics Corporation and are privileged, confidential,
# //  and exempt from disclosure under the Freedom of Information Act,
# //  5 U.S.C. Section 552. Furthermore, this information
# //  is prohibited from disclosure under the Trade Secrets Act,
# //  18 U.S.C. Section 1905.
# //
# Loading sv_std.std
# Loading work.class_ex(fast)
# run -all
# Movie G='{name:"SALAR", minit:167, genere:"Action-Triller Drama"}
# Movie M='{name:"SALAR", minit:167, genere:"Action-Triller Drama"}
# Movie M='{name:"KGF", minit:167, genere:"Action-Triller Drama"}
# Movie G='{name:"KGF", minit:167, genere:"Action-Triller Drama"}
#  quit -f
# End time: 17:43:03 on Nov 26,2025, Elapsed time: 0:00:01
# Errors: 0, Warnings: 0
