Start time: 15:45:56 on Dec 10,2025
qverilog class_test.sv 
-- Compiling package class_test_sv_unit
-- Compiling module top
** Warning: class_test.sv(49): (qverilog-2240) Treating stand-alone use of function 'randomize' as an implicit VOID cast.
** Warning: class_test.sv(55): (qverilog-2240) Treating stand-alone use of function 'randomize' as an implicit VOID cast.

Top level modules:
	top
# vsim -lib work work.class_test_sv_unit work.top -c -do "run -all; quit -f" -appendlog -l qverilog.log -vopt 
# ** Note: (vsim-8009) Loading existing optimized design _opt
# //  Questa Sim-64
# //  Version 10.7c win64 Aug 18 2018
# //
# //  Copyright 1991-2018 Mentor Graphics Corporation
# //  All Rights Reserved.
# //
# //  QuestaSim and its associated documentation contain trade
# //  secrets and commercial or financial information that are the property of
# //  Mentor Graphics Corporation and are privileged, confidential,
# //  and exempt from disclosure under the Freedom of Information Act,
# //  5 U.S.C. Section 552. Furthermore, this information
# //  is prohibited from disclosure under the Trade Secrets Act,
# //  18 U.S.C. Section 1905.
# //
# Loading sv_std.std
# Loading work.class_test_sv_unit(fast)
# Loading work.top(fast)
# run -all
# a=-346381384 b=393546790
# PRE RANDOM
# a=0
# b=0
# c=0
# sum=0
# carry=0
# Post Random
# a=1
# b=3
# c=3
# sum=0
# carry=0
# Name=
# a=1
# b=3
# c=3
# sum=0
# carry=0
# PRE RANDOM
# a=1
# b=3
# c=3
# sum=0
# carry=0
# Post Random
# a=1
# b=4
# c=0
# sum=0
# carry=0
# Name=
# a=1
# b=4
# c=0
# sum=0
# carry=0
# PRE RANDOM
# a=1
# b=4
# c=0
# sum=0
# carry=0
# Post Random
# a=0
# b=1
# c=3
# sum=0
# carry=0
# Name=
# a=0
# b=1
# c=3
# sum=0
# carry=0
# PRE RANDOM
# a=0
# b=1
# c=3
# sum=0
# carry=0
# Post Random
# a=0
# b=2
# c=2
# sum=0
# carry=0
# Name=
# a=0
# b=2
# c=2
# sum=0
# carry=0
# PRE RANDOM
# a=0
# b=2
# c=2
# sum=0
# carry=0
# Post Random
# a=1
# b=7
# c=2
# sum=0
# carry=0
# Name=
# a=1
# b=7
# c=2
# sum=0
# carry=0
#  quit -f
# End time: 15:45:57 on Dec 10,2025, Elapsed time: 0:00:01
# Errors: 0, Warnings: 2
