Start time: 14:55:50 on Dec 06,2025
qverilog class_test.sv 
-- Compiling package class_test_sv_unit
-- Compiling module test1

Top level modules:
	test1
# vsim -lib work work.class_test_sv_unit work.test1 -c -do "run -all; quit -f" -appendlog -l qverilog.log -vopt 
# ** Note: (vsim-3813) Design is being optimized due to module recompilation...
# //  Questa Sim-64
# //  Version 10.7c win64 Aug 18 2018
# //
# //  Copyright 1991-2018 Mentor Graphics Corporation
# //  All Rights Reserved.
# //
# //  QuestaSim and its associated documentation contain trade
# //  secrets and commercial or financial information that are the property of
# //  Mentor Graphics Corporation and are privileged, confidential,
# //  and exempt from disclosure under the Freedom of Information Act,
# //  5 U.S.C. Section 552. Furthermore, this information
# //  is prohibited from disclosure under the Trade Secrets Act,
# //  18 U.S.C. Section 1905.
# //
# Loading sv_std.std
# Loading work.class_test_sv_unit(fast)
# Loading work.test1(fast)
# run -all
# Name=Class_Test
# a=1 b=1 c=1
# Name=Class_Test
# a=2 b=2 c=2
# Name=Class_Test
# a=3 b=3 c=3
# Name=Class_Test
# a=4 b=4 c=4
#  quit -f
# End time: 14:55:52 on Dec 06,2025, Elapsed time: 0:00:02
# Errors: 0, Warnings: 0
