Start time: 20:40:12 on Dec 08,2025
qverilog fun_ex.sv 
-- Compiling module fun_ex
** Warning: fun_ex.sv(8): (qverilog-2875) Task "a" is being called in function "fun".
** Warning: fun_ex.sv(12): (qverilog-2240) Treating stand-alone use of function 'fun' as an implicit VOID cast.

Top level modules:
	fun_ex
# vsim -lib work work.fun_ex -c -do "run -all; quit -f" -appendlog -l qverilog.log -vopt 
# ** Note: (vsim-8009) Loading existing optimized design _opt
# //  Questa Sim-64
# //  Version 10.7c win64 Aug 18 2018
# //
# //  Copyright 1991-2018 Mentor Graphics Corporation
# //  All Rights Reserved.
# //
# //  QuestaSim and its associated documentation contain trade
# //  secrets and commercial or financial information that are the property of
# //  Mentor Graphics Corporation and are privileged, confidential,
# //  and exempt from disclosure under the Freedom of Information Act,
# //  5 U.S.C. Section 552. Furthermore, this information
# //  is prohibited from disclosure under the Trade Secrets Act,
# //  18 U.S.C. Section 1905.
# //
# Loading sv_std.std
# Loading work.fun_ex(fast)
# run -all
# Task Calling Inside A fun
#  quit -f
# End time: 20:40:18 on Dec 08,2025, Elapsed time: 0:00:06
# Errors: 0, Warnings: 2
